<?xml version="1.0" encoding="UTF-8"?>
<!-- Generated by org.testng.reporters.JUnitReportReporter -->
<testsuite hostname="A4ML24373" name="demo.ValidateE2EFlow" tests="1" failures="0" timestamp="26 Feb 2019 14:15:15 GMT" time="40.144" errors="0">
  <testcase name="grabSuccessMessage" time="40.144" classname="demo.ValidateE2EFlow"/>
</testsuite> <!-- demo.ValidateE2EFlow -->
