<?xml version="1.0" encoding="UTF-8"?>
<!-- Generated by org.testng.reporters.JUnitReportReporter -->
<testsuite skipped="0" hostname="A4ML24373" name="demo.RemoteTestNGPractice" tests="2" failures="0" timestamp="18 Feb 2019 19:32:47 GMT" time="50.020" errors="0">
  <testcase name="browserTest" time="36.266" classname="demo.RemoteTestNGPractice"/>
  <testcase name="browserTest" time="13.754" classname="demo.RemoteTestNGPractice"/>
</testsuite> <!-- demo.RemoteTestNGPractice -->
