<?xml version="1.0" encoding="UTF-8"?>
<!-- Generated by org.testng.reporters.JUnitReportReporter -->
<testsuite skipped="0" hostname="A4ML24373" name="demo.Practice" tests="2" failures="0" timestamp="18 Feb 2019 19:29:22 GMT" time="48.939" errors="0">
  <testcase name="browserTest" time="35.680" classname="demo.Practice"/>
  <testcase name="browserTest" time="13.259" classname="demo.Practice"/>
</testsuite> <!-- demo.Practice -->
