<?xml version="1.0" encoding="UTF-8"?>
<!-- Generated by org.testng.reporters.JUnitReportReporter -->
<testsuite hostname="A4ML24373" name="testCases.ValidateTest" tests="1" failures="0" timestamp="8 Feb 2019 20:28:40 GMT" time="10.429" errors="0">
  <testcase name="xyz" time="10.429" classname="testCases.ValidateTest"/>
</testsuite> <!-- testCases.ValidateTest -->
