<?xml version="1.0" encoding="UTF-8"?>
<!-- Generated by org.testng.reporters.JUnitReportReporter -->
<testsuite hostname="A4ML24373" name="testCases.ValidateTableSum" tests="1" failures="0" timestamp="8 Mar 2019 14:31:23 GMT" time="10.449" errors="0">
  <testcase name="x" time="10.449" classname="testCases.ValidateTableSum"/>
</testsuite> <!-- testCases.ValidateTableSum -->
