<?xml version="1.0" encoding="UTF-8"?>
<!-- Generated by org.testng.reporters.JUnitReportReporter -->
<testsuite hostname="A4ML24373" name="testCases.OrderTest" tests="1" failures="0" timestamp="10 Mar 2019 14:11:28 GMT" time="0.005" errors="0">
  <testcase name="testCase1" time="0.005" classname="testCases.OrderTest"/>
</testsuite> <!-- testCases.OrderTest -->
