<?xml version="1.0" encoding="UTF-8"?>
<!-- Generated by org.testng.reporters.JUnitReportReporter -->
<testsuite hostname="A4ML24373" name="testCases.ValidateReadTest" tests="7" failures="0" timestamp="3 Mar 2019 15:08:12 GMT" time="0.031" errors="0">
  <testcase name="xyz" time="0.000" classname="testCases.ValidateReadTest"/>
  <testcase name="xyz" time="0.015" classname="testCases.ValidateReadTest"/>
  <testcase name="xyz" time="0.016" classname="testCases.ValidateReadTest"/>
  <testcase name="xyz" time="0.000" classname="testCases.ValidateReadTest"/>
  <testcase name="xyz" time="0.000" classname="testCases.ValidateReadTest"/>
  <testcase name="xyz" time="0.000" classname="testCases.ValidateReadTest"/>
  <testcase name="xyz" time="0.000" classname="testCases.ValidateReadTest"/>
</testsuite> <!-- testCases.ValidateReadTest -->
