<?xml version="1.0" encoding="UTF-8"?>
<!-- Generated by org.testng.reporters.JUnitReportReporter -->
<testsuite hostname="A4ML24373" name="testCases.ValidateTest" tests="7" failures="0" timestamp="8 Mar 2019 05:00:32 GMT" time="0.025" errors="0">
  <testcase name="x" time="0.000" classname="testCases.ValidateTest"/>
  <testcase name="x" time="0.000" classname="testCases.ValidateTest"/>
  <testcase name="x" time="0.024" classname="testCases.ValidateTest"/>
  <testcase name="x" time="0.000" classname="testCases.ValidateTest"/>
  <testcase name="x" time="0.001" classname="testCases.ValidateTest"/>
  <testcase name="x" time="0.000" classname="testCases.ValidateTest"/>
  <testcase name="x" time="0.000" classname="testCases.ValidateTest"/>
</testsuite> <!-- testCases.ValidateTest -->
