<?xml version="1.0" encoding="UTF-8"?>
<!-- Generated by org.testng.reporters.JUnitReportReporter -->
<testsuite hostname="A4ML24373" name="testCases.Practice" tests="1" failures="0" timestamp="8 Mar 2019 16:34:32 GMT" time="6.452" errors="0">
  <testcase name="x" time="6.452" classname="testCases.Practice"/>
</testsuite> <!-- testCases.Practice -->
