<?xml version="1.0" encoding="UTF-8"?>
<!-- Generated by org.testng.reporters.JUnitReportReporter -->
<testsuite hostname="A4ML24373" name="testCases.ValidateWriteListHorizontalTest" tests="1" failures="0" timestamp="3 Mar 2019 15:02:29 GMT" time="0.574" errors="0">
  <testcase name="def" time="0.574" classname="testCases.ValidateWriteListHorizontalTest"/>
</testsuite> <!-- testCases.ValidateWriteListHorizontalTest -->
