<?xml version="1.0" encoding="UTF-8"?>
<!-- Generated by org.testng.reporters.JUnitReportReporter -->
<testsuite hostname="A4ML24373" name="testCases.HeadlessBrowser" tests="1" failures="0" timestamp="11 Mar 2019 15:39:58 GMT" time="6.395" errors="0">
  <testcase name="x" time="6.395" classname="testCases.HeadlessBrowser"/>
</testsuite> <!-- testCases.HeadlessBrowser -->
