<?xml version="1.0" encoding="UTF-8"?>
<!-- Generated by org.testng.reporters.JUnitReportReporter -->
<testsuite hostname="A4ML24373" name="testCases.HiddenTest" tests="1" failures="0" timestamp="9 Mar 2019 15:49:08 GMT" time="5.262" errors="0">
  <testcase name="x" time="5.262" classname="testCases.HiddenTest"/>
</testsuite> <!-- testCases.HiddenTest -->
