<?xml version="1.0" encoding="UTF-8"?>
<!-- Generated by org.testng.reporters.JUnitReportReporter -->
<testsuite hostname="A4ML24373" name="testCases.ValidateTable" tests="1" failures="0" timestamp="8 Mar 2019 14:01:25 GMT" time="8.033" errors="0">
  <testcase name="x" time="8.033" classname="testCases.ValidateTable"/>
</testsuite> <!-- testCases.ValidateTable -->
