<?xml version="1.0" encoding="UTF-8"?>
<!-- Generated by org.testng.reporters.JUnitReportReporter -->
<testsuite hostname="A4ML24373" name="testCases.ValidateWriteTest" tests="1" failures="0" timestamp="3 Mar 2019 15:08:12 GMT" time="0.172" errors="0">
  <testcase name="abc" time="0.172" classname="testCases.ValidateWriteTest"/>
</testsuite> <!-- testCases.ValidateWriteTest -->
