<?xml version="1.0" encoding="UTF-8"?>
<!-- Generated by org.testng.reporters.JUnitReportReporter -->
<testsuite hostname="A4ML24373" name="testCases.ValidateWriteListVerticalTest" tests="1" failures="0" timestamp="3 Mar 2019 15:02:59 GMT" time="0.609" errors="0">
  <testcase name="def" time="0.609" classname="testCases.ValidateWriteListVerticalTest"/>
</testsuite> <!-- testCases.ValidateWriteListVerticalTest -->
