<?xml version="1.0" encoding="UTF-8"?>
<!-- Generated by org.testng.reporters.JUnitReportReporter -->
<testsuite skipped="0" hostname="A4ML24373" name="Academy.Project.ValidateNavigationBarTest" tests="1" failures="0" timestamp="06 Jan 2019 06:33:12 GMT" time="12.334" errors="0">
  <testcase name="x" time="12.334" classname="Academy.Project.ValidateNavigationBarTest"/>
</testsuite> <!-- Academy.Project.ValidateNavigationBarTest -->
