<?xml version="1.0" encoding="UTF-8"?>
<!-- Generated by org.testng.reporters.JUnitReportReporter -->
<testsuite hostname="A4ML24373" name="testCases.ValidateWriteListTest" tests="1" failures="0" timestamp="3 Mar 2019 14:37:05 GMT" time="0.625" errors="0">
  <testcase name="def" time="0.625" classname="testCases.ValidateWriteListTest"/>
</testsuite> <!-- testCases.ValidateWriteListTest -->
