<?xml version="1.0" encoding="UTF-8"?>
<!-- Generated by org.testng.reporters.JUnitReportReporter -->
<testsuite hostname="A4ML24373" name="testCases.ValidateTest" tests="7" failures="0" timestamp="2 Mar 2019 17:06:37 GMT" time="0.031" errors="0">
  <testcase name="xyz" time="0.006" classname="testCases.ValidateTest"/>
  <testcase name="xyz" time="0.002" classname="testCases.ValidateTest"/>
  <testcase name="xyz" time="0.002" classname="testCases.ValidateTest"/>
  <testcase name="xyz" time="0.002" classname="testCases.ValidateTest"/>
  <testcase name="xyz" time="0.012" classname="testCases.ValidateTest"/>
  <testcase name="xyz" time="0.004" classname="testCases.ValidateTest"/>
  <testcase name="xyz" time="0.003" classname="testCases.ValidateTest"/>
</testsuite> <!-- testCases.ValidateTest -->
