<?xml version="1.0" encoding="UTF-8"?>
<!-- Generated by org.testng.reporters.JUnitReportReporter -->
<testsuite hostname="A4ML24373" name="Academy.Project.HomePageTest" tests="2" failures="0" timestamp="6 Jan 2019 07:59:35 GMT" time="38.994" errors="0">
  <testcase name="basePageNavigation" time="17.191" classname="Academy.Project.HomePageTest"/>
  <testcase name="basePageNavigation" time="21.803" classname="Academy.Project.HomePageTest"/>
</testsuite> <!-- Academy.Project.HomePageTest -->
