<?xml version="1.0" encoding="UTF-8"?>
<!-- Generated by org.testng.reporters.JUnitReportReporter -->
<testsuite hostname="A4ML24373" name="Academy.Project.ValidateNavigationBarTest" tests="1" failures="0" timestamp="6 Jan 2019 07:59:35 GMT" time="10.484" errors="0">
  <testcase name="validateAppNavigationBar" time="10.484" classname="Academy.Project.ValidateNavigationBarTest"/>
</testsuite> <!-- Academy.Project.ValidateNavigationBarTest -->
