<?xml version="1.0" encoding="UTF-8"?>
<!-- Generated by org.testng.reporters.JUnitReportReporter -->
<testsuite hostname="A4ML24373" name="testCases.ValidateTest" tests="1" failures="0" timestamp="18 Mar 2019 18:34:29 GMT" time="7.289" errors="0">
  <testcase name="x" time="7.289" classname="testCases.ValidateTest"/>
</testsuite> <!-- testCases.ValidateTest -->
