<?xml version="1.0" encoding="UTF-8"?>
<!-- Generated by org.testng.reporters.JUnitReportReporter -->
<testsuite hostname="A4ML24373" name="cucumberOptions.TestRunner" tests="1" failures="0" timestamp="6 May 2019 11:35:45 GMT" time="10.337" errors="0">
  <testcase name="feature" time="10.337" classname="cucumberOptions.TestRunner"/>
</testsuite> <!-- cucumberOptions.TestRunner -->
