<?xml version="1.0" encoding="UTF-8"?>
<!-- Generated by org.testng.reporters.JUnitReportReporter -->
<testsuite skipped="0" hostname="A4ML24373" name="com.shadab.revision.RobotClass" tests="3" failures="0" timestamp="24 Nov 2018 17:47:16 GMT" time="59.300" errors="0">
  <testcase name="usingChord" time="20.194" classname="com.shadab.revision.RobotClass"/>
  <testcase name="usingBuilder" time="21.941" classname="com.shadab.revision.RobotClass"/>
  <testcase name="usingRobot" time="17.165" classname="com.shadab.revision.RobotClass"/>
</testsuite> <!-- com.shadab.revision.RobotClass -->
