<?xml version="1.0" encoding="UTF-8"?>
<!-- Generated by org.testng.reporters.JUnitReportReporter -->
<testsuite hostname="A4ML24373" name="testCases.GoogleNthPageNthLink" tests="1" failures="0" timestamp="23 Mar 2019 19:17:30 GMT" time="22.425" errors="0">
  <testcase name="abc" time="22.425" classname="testCases.GoogleNthPageNthLink"/>
</testsuite> <!-- testCases.GoogleNthPageNthLink -->
