<?xml version="1.0" encoding="UTF-8"?>
<!-- Generated by org.testng.reporters.JUnitReportReporter -->
<testsuite hostname="A4ML24373" name="testCases.Table" tests="1" failures="0" timestamp="24 Mar 2019 19:17:45 GMT" time="9.540" errors="0">
  <testcase name="x" time="9.540" classname="testCases.Table"/>
</testsuite> <!-- testCases.Table -->
