<?xml version="1.0" encoding="UTF-8"?>
<!-- Generated by org.testng.reporters.JUnitReportReporter -->
<testsuite hostname="A4ML24373" name="testCases.Practice" tests="1" failures="0" timestamp="24 Mar 2019 14:44:51 GMT" time="28.794" errors="0">
  <testcase name="url" time="28.794" classname="testCases.Practice"/>
</testsuite> <!-- testCases.Practice -->
