<?xml version="1.0" encoding="UTF-8"?>
<!-- Generated by org.testng.reporters.JUnitReportReporter -->
<testsuite hostname="A4ML24373" name="testCases.GoogleTest" tests="1" failures="0" timestamp="11 Jan 2019 16:42:56 GMT" time="9.404" errors="0">
  <testcase name="radioTest" time="9.404" classname="testCases.GoogleTest"/>
</testsuite> <!-- testCases.GoogleTest -->
