<?xml version="1.0" encoding="UTF-8"?>
<!-- Generated by org.testng.reporters.JUnitReportReporter -->
<testsuite hostname="A4ML24373" name="revision.AllMethods" tests="1" failures="0" timestamp="26 Jan 2019 09:36:25 GMT" time="5.428" errors="0">
  <testcase name="x" time="5.428" classname="revision.AllMethods"/>
</testsuite> <!-- revision.AllMethods -->
