<?xml version="1.0" encoding="UTF-8"?>
<!-- Generated by org.testng.reporters.JUnitReportReporter -->
<testsuite hostname="A4ML24373" name="testCases.ValidateErrorTest2" tests="2" failures="0" timestamp="13 Jan 2019 16:18:14 GMT" time="9.356" errors="0">
  <testcase name="xyz" time="3.882" classname="testCases.ValidateErrorTest2"/>
  <testcase name="abc" time="5.474" classname="testCases.ValidateErrorTest2"/>
</testsuite> <!-- testCases.ValidateErrorTest2 -->
