<?xml version="1.0" encoding="UTF-8"?>
<!-- Generated by org.testng.reporters.JUnitReportReporter -->
<testsuite hostname="A4ML24373" name="testCases.PriorityTest" tests="4" failures="0" timestamp="13 Jan 2019 17:29:33 GMT" time="0.017" errors="0">
  <testcase name="abc" time="0.002" classname="testCases.PriorityTest"/>
  <testcase name="jkl" time="0.002" classname="testCases.PriorityTest"/>
  <testcase name="def" time="0.002" classname="testCases.PriorityTest"/>
  <testcase name="ghi" time="0.011" classname="testCases.PriorityTest"/>
</testsuite> <!-- testCases.PriorityTest -->
