<?xml version="1.0" encoding="UTF-8"?>
<!-- Generated by org.testng.reporters.JUnitReportReporter -->
<testsuite hostname="A4ML24373" name="revision.JavascriptExecutorUsage" tests="1" failures="0" timestamp="26 Jan 2019 19:11:02 GMT" time="7.057" errors="0">
  <testcase name="x" time="7.057" classname="revision.JavascriptExecutorUsage"/>
</testsuite> <!-- revision.JavascriptExecutorUsage -->
