<?xml version="1.0" encoding="UTF-8"?>
<!-- Generated by org.testng.reporters.JUnitReportReporter -->
<testsuite hostname="A4ML24373" name="testCases.RadioButtonsTest" tests="1" failures="0" timestamp="11 Jan 2019 14:40:45 GMT" time="29.372" errors="0">
  <testcase name="radioTest" time="29.372" classname="testCases.RadioButtonsTest"/>
</testsuite> <!-- testCases.RadioButtonsTest -->
