<?xml version="1.0" encoding="UTF-8"?>
<!-- Generated by org.testng.reporters.JUnitReportReporter -->
<testsuite hostname="A4ML24373" name="revision.Rough" tests="1" failures="0" timestamp="26 Jan 2019 14:54:55 GMT" time="6.484" errors="0">
  <testcase name="x" time="6.484" classname="revision.Rough"/>
</testsuite> <!-- revision.Rough -->
