<?xml version="1.0" encoding="UTF-8"?>
<!-- Generated by org.testng.reporters.JUnitReportReporter -->
<testsuite hostname="A4ML24373" name="revision.DragAndDrop" tests="1" failures="0" timestamp="26 Jan 2019 15:35:38 GMT" time="10.362" errors="0">
  <testcase name="x" time="10.362" classname="revision.DragAndDrop"/>
</testsuite> <!-- revision.DragAndDrop -->
