<?xml version="1.0" encoding="UTF-8"?>
<!-- Generated by org.testng.reporters.JUnitReportReporter -->
<testsuite hostname="A4ML24373" name="revision.StaticDropDown" tests="1" failures="0" timestamp="26 Jan 2019 13:25:00 GMT" time="13.075" errors="0">
  <testcase name="x" time="13.075" classname="revision.StaticDropDown"/>
</testsuite> <!-- revision.StaticDropDown -->
