<?xml version="1.0" encoding="UTF-8"?>
<!-- Generated by org.testng.reporters.JUnitReportReporter -->
<testsuite hostname="A4ML24373" name="revision.Radio" tests="1" failures="0" timestamp="26 Jan 2019 13:48:57 GMT" time="13.816" errors="0">
  <testcase name="x" time="13.816" classname="revision.Radio"/>
</testsuite> <!-- revision.Radio -->
