<?xml version="1.0" encoding="UTF-8"?>
<!-- Generated by org.testng.reporters.JUnitReportReporter -->
<testsuite hostname="A4ML24373" name="demo.Table" tests="1" failures="0" timestamp="3 Feb 2019 14:11:41 GMT" time="16.778" errors="0">
  <testcase name="run" time="16.778" classname="demo.Table"/>
</testsuite> <!-- demo.Table -->
