<?xml version="1.0" encoding="UTF-8"?>
<!-- Generated by org.testng.reporters.JUnitReportReporter -->
<testsuite hostname="A4ML24373" name="demo.Links" tests="1" failures="0" timestamp="2 Feb 2019 03:50:20 GMT" time="9.014" errors="0">
  <testcase name="run" time="9.014" classname="demo.Links"/>
</testsuite> <!-- demo.Links -->
