<?xml version="1.0" encoding="UTF-8"?>
<!-- Generated by org.testng.reporters.JUnitReportReporter -->
<testsuite hostname="A4ML24373" name="Table" tests="1" failures="0" timestamp="1 Feb 2019 19:06:55 GMT" time="9.639" errors="0">
  <testcase name="run" time="9.639" classname="Table"/>
</testsuite> <!-- Table -->
