<?xml version="1.0" encoding="UTF-8"?>
<!-- Generated by org.testng.reporters.JUnitReportReporter -->
<testsuite skipped="0" hostname="A4ML24373" name="qaclickacademy.MavenJava.SeleniumTest" tests="2" failures="0" timestamp="28 Dec 2018 18:16:15 GMT" time="0.000" errors="0">
  <testcase name="elementsUi" time="0.000" classname="qaclickacademy.MavenJava.SeleniumTest"/>
  <testcase name="browserAutomation" time="0.000" classname="qaclickacademy.MavenJava.SeleniumTest"/>
</testsuite> <!-- qaclickacademy.MavenJava.SeleniumTest -->
