<?xml version="1.0" encoding="UTF-8"?>
<!-- Generated by org.testng.reporters.JUnitReportReporter -->
<testsuite skipped="0" hostname="A4ML24373" name="qaclickacademy.MavenJava.RestApiTest" tests="2" failures="0" timestamp="28 Dec 2018 18:13:30 GMT" time="0.000" errors="0">
  <testcase name="postJira" time="0.000" classname="qaclickacademy.MavenJava.RestApiTest"/>
  <testcase name="deleteTwitter" time="0.000" classname="qaclickacademy.MavenJava.RestApiTest"/>
</testsuite> <!-- qaclickacademy.MavenJava.RestApiTest -->
