<?xml version="1.0" encoding="UTF-8"?>
<!-- Generated by org.testng.reporters.JUnitReportReporter -->
<testsuite skipped="0" hostname="A4ML24373" name="com.udemy.rahul.TestBase" tests="1" failures="0" timestamp="25 Dec 2018 19:00:43 GMT" time="5.635" errors="0">
  <testcase name="login" time="5.635" classname="com.udemy.rahul.TestBase"/>
</testsuite> <!-- com.udemy.rahul.TestBase -->
