<?xml version="1.0" encoding="UTF-8"?>
<!-- Generated by org.testng.reporters.JUnitReportReporter -->
<testsuite skipped="0" hostname="A4ML24373" name="com.udemy.rahul.Day4" tests="3" failures="0" timestamp="25 Dec 2018 12:06:42 GMT" time="0.008" errors="0">
  <testcase name="loginApiHomeLoan" time="0.008" classname="com.udemy.rahul.Day4"/>
  <testcase name="mobileLoginHomeLoan" time="0.000" classname="com.udemy.rahul.Day4"/>
  <testcase name="webLoginHomeLoan" time="0.000" classname="com.udemy.rahul.Day4"/>
</testsuite> <!-- com.udemy.rahul.Day4 -->
