<?xml version="1.0" encoding="UTF-8"?>
<!-- Generated by org.testng.reporters.JUnitReportReporter -->
<testsuite skipped="0" hostname="A4ML24373" name="com.udemy.rahul.Assignment3" tests="1" failures="0" timestamp="25 Dec 2018 18:29:26 GMT" time="6.281" errors="0">
  <testcase name="explicitWaitTest" time="6.281" classname="com.udemy.rahul.Assignment3"/>
</testsuite> <!-- com.udemy.rahul.Assignment3 -->
