<?xml version="1.0" encoding="UTF-8"?>
<!-- Generated by org.testng.reporters.JUnitReportReporter -->
<testsuite skipped="0" hostname="A4ML24373" name="com.udemy.rahul.Assignment" tests="2" failures="0" timestamp="25 Dec 2018 19:18:42 GMT" time="11.337" errors="0">
  <testcase name="login" time="5.821" classname="com.udemy.rahul.Assignment"/>
  <testcase name="assignmentTest" time="5.516" classname="com.udemy.rahul.Assignment"/>
</testsuite> <!-- com.udemy.rahul.Assignment -->
