<?xml version="1.0" encoding="UTF-8"?>
<!-- Generated by org.testng.reporters.JUnitReportReporter -->
<testsuite skipped="1" hostname="A4ML24373" name="com.udemy.rahul.Day3" tests="7" failures="0" timestamp="25 Dec 2018 12:06:42 GMT" time="0.027" errors="0">
  <testcase name="mobileLoginCarLoan" time="0.012" classname="com.udemy.rahul.Day3"/>
  <testcase name="mobileSignoutCarLoan" time="0.000" classname="com.udemy.rahul.Day3"/>
  <testcase name="mobileSignoutCarLoan" time="0.000" classname="com.udemy.rahul.Day3"/>
  <testcase name="webLoginCarLoan" time="0.015" classname="com.udemy.rahul.Day3"/>
  <testcase name="mobileSignoutCarLoan" time="0.000" classname="com.udemy.rahul.Day3"/>
  <testcase name="apiCarLoan" time="0.000" classname="com.udemy.rahul.Day3"/>
  <testcase name="mobileSigninCarLoan" classname="com.udemy.rahul.Day3">
    <skipped/>
  </testcase> <!-- mobileSigninCarLoan -->
</testsuite> <!-- com.udemy.rahul.Day3 -->
