<?xml version="1.0" encoding="UTF-8"?>
<!-- Generated by org.testng.reporters.JUnitReportReporter -->
<testsuite skipped="0" hostname="A4ML24373" name="com.udemy.rahul.Day2" tests="1" failures="0" timestamp="23 Dec 2018 08:47:04 GMT" time="0.006" errors="0">
  <testcase name="personalLoan" time="0.006" classname="com.udemy.rahul.Day2"/>
</testsuite> <!-- com.udemy.rahul.Day2 -->
