<?xml version="1.0" encoding="UTF-8"?>
<!-- Generated by org.testng.reporters.JUnitReportReporter -->
<testsuite skipped="0" hostname="A4ML24373" name="Academy.Project.HomePageTest" tests="2" failures="0" timestamp="06 Jan 2019 06:33:12 GMT" time="44.383" errors="0">
  <testcase name="basePageNavigation" time="17.504" classname="Academy.Project.HomePageTest"/>
  <testcase name="basePageNavigation" time="26.879" classname="Academy.Project.HomePageTest"/>
</testsuite> <!-- Academy.Project.HomePageTest -->
