<?xml version="1.0" encoding="UTF-8"?>
<!-- Generated by org.testng.reporters.JUnitReportReporter -->
<testsuite hostname="A4ML24373" name="cucumberOptions.TestRunner" tests="1" failures="0" timestamp="17 May 2019 06:25:16 GMT" time="14.483" errors="0">
  <testcase name="feature" time="14.483" classname="cucumberOptions.TestRunner"/>
</testsuite> <!-- cucumberOptions.TestRunner -->
