<?xml version="1.0" encoding="UTF-8"?>
<!-- Generated by org.testng.reporters.JUnitReportReporter -->
<testsuite skipped="0" hostname="A4ML24373" name="TestCases.ValidateTextTest" tests="1" failures="0" timestamp="06 Jan 2019 19:06:52 GMT" time="22.218" errors="0">
  <testcase name="validateText" time="22.218" classname="TestCases.ValidateTextTest"/>
</testsuite> <!-- TestCases.ValidateTextTest -->
