<?xml version="1.0" encoding="UTF-8"?>
<!-- Generated by org.testng.reporters.JUnitReportReporter -->
<testsuite skipped="0" hostname="A4ML24373" name="TestCases.HomePageTest" tests="1" failures="0" timestamp="06 Jan 2019 19:08:38 GMT" time="22.123" errors="0">
  <testcase name="initialize" time="22.123" classname="TestCases.HomePageTest"/>
</testsuite> <!-- TestCases.HomePageTest -->
