<?xml version="1.0" encoding="UTF-8"?>
<!-- Generated by org.testng.reporters.JUnitReportReporter -->
<testsuite hostname="A4ML24373" name="testCases.ValidateTest" tests="1" failures="0" timestamp="8 Feb 2019 20:28:12 GMT" time="7.121" errors="0">
  <testcase name="xyz" time="7.121" classname="testCases.ValidateTest"/>
</testsuite> <!-- testCases.ValidateTest -->
