<?xml version="1.0" encoding="UTF-8"?>
<!-- Generated by org.testng.reporters.JUnitReportReporter -->
<testsuite hostname="A4ML24373" name="cucumberOptions.TestRunner" tests="1" failures="0" timestamp="16 May 2019 07:18:52 GMT" time="20.430" errors="0">
  <testcase name="feature" time="20.430" classname="cucumberOptions.TestRunner"/>
</testsuite> <!-- cucumberOptions.TestRunner -->
