<?xml version="1.0" encoding="UTF-8"?>
<!-- Generated by org.testng.reporters.JUnitReportReporter -->
<testsuite hostname="A4ML24373" name="testCases.ValidateTest" tests="1" failures="0" timestamp="20 Feb 2019 07:20:51 GMT" time="0.742" errors="0">
  <testcase name="x" time="0.742" classname="testCases.ValidateTest"/>
</testsuite> <!-- testCases.ValidateTest -->
