<?xml version="1.0" encoding="UTF-8"?>
<!-- Generated by org.testng.reporters.JUnitReportReporter -->
<testsuite hostname="A4ML24373" name="testCases.AllKeySimulation" tests="1" failures="0" timestamp="20 Jan 2019 16:39:31 GMT" time="14.575" errors="0">
  <testcase name="CapsLockTest" time="14.575" classname="testCases.AllKeySimulation"/>
</testsuite> <!-- testCases.AllKeySimulation -->
