<?xml version="1.0" encoding="UTF-8"?>
<!-- Generated by org.testng.reporters.JUnitReportReporter -->
<testsuite hostname="A4ML24373" name="testCases.Rough3" tests="11" failures="0" timestamp="20 Jan 2019 16:39:31 GMT" time="0.049" errors="0">
  <testcase name="k" time="0.002" classname="testCases.Rough3"/>
  <testcase name="z" time="0.002" classname="testCases.Rough3"/>
  <testcase name="k" time="0.003" classname="testCases.Rough3"/>
  <testcase name="z" time="0.002" classname="testCases.Rough3"/>
  <testcase name="z" time="0.002" classname="testCases.Rough3"/>
  <testcase name="k" time="0.001" classname="testCases.Rough3"/>
  <testcase name="y" time="0.002" classname="testCases.Rough3"/>
  <testcase name="b" time="0.030" classname="testCases.Rough3"/>
  <testcase name="k" time="0.002" classname="testCases.Rough3"/>
  <testcase name="b" time="0.002" classname="testCases.Rough3"/>
  <testcase name="y" time="0.001" classname="testCases.Rough3"/>
</testsuite> <!-- testCases.Rough3 -->
