<?xml version="1.0" encoding="UTF-8"?>
<!-- Generated by org.testng.reporters.JUnitReportReporter -->
<testsuite hostname="A4ML24373" name="testCases.JavaScript" tests="1" failures="0" timestamp="19 Jan 2019 14:15:46 GMT" time="7.729" errors="0">
  <testcase name="usingJavaScriptExecutort" time="7.729" classname="testCases.JavaScript"/>
</testsuite> <!-- testCases.JavaScript -->
