<?xml version="1.0" encoding="UTF-8"?>
<!-- Generated by org.testng.reporters.JUnitReportReporter -->
<testsuite hostname="A4ML24373" name="demo.ValidateDataBase" tests="1" failures="0" timestamp="10 Feb 2019 15:31:01 GMT" time="5.539" errors="0">
  <testcase name="getData" time="5.539" classname="demo.ValidateDataBase"/>
</testsuite> <!-- demo.ValidateDataBase -->
