<?xml version="1.0" encoding="UTF-8"?>
<!-- Generated by org.testng.reporters.JUnitReportReporter -->
<testsuite hostname="A4ML24373" name="testCases.ValidateErrorTest" tests="1" failures="0" timestamp="7 Jan 2019 20:32:29 GMT" time="25.403" errors="0">
  <testcase name="getErrorTest" time="25.403" classname="testCases.ValidateErrorTest"/>
</testsuite> <!-- testCases.ValidateErrorTest -->
