<?xml version="1.0" encoding="UTF-8"?>
<!-- Generated by org.testng.reporters.JUnitReportReporter -->
<testsuite hostname="A4ML24373" name="testCases.ValidateTest" tests="8" failures="0" timestamp="21 Mar 2019 19:12:24 GMT" time="14.734" errors="0">
  <testcase name="x" time="14.701" classname="testCases.ValidateTest"/>
  <testcase name="printConsole" time="0.004" classname="testCases.ValidateTest"/>
  <testcase name="printConsole" time="0.000" classname="testCases.ValidateTest"/>
  <testcase name="printConsole" time="0.008" classname="testCases.ValidateTest"/>
  <testcase name="printConsole" time="0.000" classname="testCases.ValidateTest"/>
  <testcase name="printConsole" time="0.013" classname="testCases.ValidateTest"/>
  <testcase name="printConsole" time="0.004" classname="testCases.ValidateTest"/>
  <testcase name="printConsole" time="0.004" classname="testCases.ValidateTest"/>
</testsuite> <!-- testCases.ValidateTest -->
