<?xml version="1.0" encoding="UTF-8"?>
<!-- Generated by org.testng.reporters.JUnitReportReporter -->
<testsuite hostname="A4ML24373" name="cucumberOptions.TestRunner" tests="1" failures="0" timestamp="16 May 2019 10:08:26 GMT" time="8.327" errors="0">
  <testcase name="feature" time="8.327" classname="cucumberOptions.TestRunner"/>
</testsuite> <!-- cucumberOptions.TestRunner -->
